<?xml version="1.0" encoding="UTF-8"?>
<testsuite name="com.loko.fascinating.springboot.web.IndexControllerTest" tests="1" skipped="0" failures="0" errors="0" timestamp="2021-02-19T04:42:46" hostname="DESKTOP-7FPP58O" time="0.165">
  <properties/>
  <testcase name="메인페이지_로딩()" classname="com.loko.fascinating.springboot.web.IndexControllerTest" time="0.165"/>
  <system-out><![CDATA[2021-02-19 13:42:45.372  INFO 1476 --- [    Test worker] .b.t.c.SpringBootTestContextBootstrapper : Neither @ContextConfiguration nor @ContextHierarchy found for test class [com.loko.fascinating.springboot.web.IndexControllerTest], using SpringBootContextLoader
2021-02-19 13:42:45.373  INFO 1476 --- [    Test worker] o.s.t.c.support.AbstractContextLoader    : Could not detect default resource locations for test class [com.loko.fascinating.springboot.web.IndexControllerTest]: no resource found for suffixes {-context.xml, Context.groovy}.
2021-02-19 13:42:45.373  INFO 1476 --- [    Test worker] t.c.s.AnnotationConfigContextLoaderUtils : Could not detect default configuration classes for test class [com.loko.fascinating.springboot.web.IndexControllerTest]: IndexControllerTest does not declare any static, non-private, non-final, nested classes annotated with @Configuration.
2021-02-19 13:42:45.374  INFO 1476 --- [    Test worker] .b.t.c.SpringBootTestContextBootstrapper : Found @SpringBootConfiguration com.loko.fascinating.springboot.Application for test class com.loko.fascinating.springboot.web.IndexControllerTest
2021-02-19 13:42:45.377  INFO 1476 --- [    Test worker] .b.t.c.SpringBootTestContextBootstrapper : Loaded default TestExecutionListener class names from location [META-INF/spring.factories]: [org.springframework.security.test.context.support.WithSecurityContextTestExecutionListener, org.springframework.security.test.context.support.ReactorContextTestExecutionListener, org.springframework.boot.test.autoconfigure.restdocs.RestDocsTestExecutionListener, org.springframework.boot.test.autoconfigure.web.client.MockRestServiceServerResetTestExecutionListener, org.springframework.boot.test.autoconfigure.web.servlet.MockMvcPrintOnlyOnFailureTestExecutionListener, org.springframework.boot.test.autoconfigure.web.servlet.WebDriverTestExecutionListener, org.springframework.boot.test.autoconfigure.webservices.client.MockWebServiceServerTestExecutionListener, org.springframework.boot.test.mock.mockito.MockitoTestExecutionListener, org.springframework.boot.test.mock.mockito.ResetMocksTestExecutionListener, org.springframework.test.context.web.ServletTestExecutionListener, org.springframework.test.context.support.DirtiesContextBeforeModesTestExecutionListener, org.springframework.test.context.support.DependencyInjectionTestExecutionListener, org.springframework.test.context.support.DirtiesContextTestExecutionListener, org.springframework.test.context.transaction.TransactionalTestExecutionListener, org.springframework.test.context.jdbc.SqlScriptsTestExecutionListener, org.springframework.test.context.event.EventPublishingTestExecutionListener]
2021-02-19 13:42:45.378  INFO 1476 --- [    Test worker] .b.t.c.SpringBootTestContextBootstrapper : Using TestExecutionListeners: [org.springframework.test.context.web.ServletTestExecutionListener@73b70374, org.springframework.test.context.support.DirtiesContextBeforeModesTestExecutionListener@6aece660, org.springframework.boot.test.mock.mockito.MockitoTestExecutionListener@6512e5ac, org.springframework.boot.test.autoconfigure.SpringBootDependencyInjectionTestExecutionListener@6f0a8c87, org.springframework.test.context.support.DirtiesContextTestExecutionListener@246d9eb1, org.springframework.test.context.transaction.TransactionalTestExecutionListener@293fa3ba, org.springframework.test.context.jdbc.SqlScriptsTestExecutionListener@5bf20cb4, org.springframework.security.test.context.support.WithSecurityContextTestExecutionListener@6027ddf9, org.springframework.test.context.event.EventPublishingTestExecutionListener@28f74f5a, org.springframework.security.test.context.support.ReactorContextTestExecutionListener@7c810b8d, org.springframework.boot.test.autoconfigure.restdocs.RestDocsTestExecutionListener@37dd2f05, org.springframework.boot.test.autoconfigure.web.client.MockRestServiceServerResetTestExecutionListener@69cbf412, org.springframework.boot.test.autoconfigure.web.servlet.MockMvcPrintOnlyOnFailureTestExecutionListener@7b54fbee, org.springframework.boot.test.autoconfigure.web.servlet.WebDriverTestExecutionListener@f7d5a6a, org.springframework.boot.test.autoconfigure.webservices.client.MockWebServiceServerTestExecutionListener@5106f987, org.springframework.boot.test.mock.mockito.ResetMocksTestExecutionListener@67dbecd1]

  .   ____          _            __ _ _
 /\\ / ___'_ __ _ _(_)_ __  __ _ \ \ \ \
( ( )\___ | '_ | '_| | '_ \/ _` | \ \ \ \
 \\/  ___)| |_)| | | | | || (_| |  ) ) ) )
  '  |____| .__|_| |_|_| |_\__, | / / / /
 =========|_|==============|___/=/_/_/_/
 :: Spring Boot ::                (v2.4.1)

2021-02-19 13:42:45.403  INFO 1476 --- [    Test worker] c.l.f.s.web.IndexControllerTest          : Starting IndexControllerTest using Java 1.8.0_281 on DESKTOP-7FPP58O with PID 1476 (started by nmin1 in C:\Users\nmin1\IdeaProjects\free-springboot-webservice)
2021-02-19 13:42:45.404  INFO 1476 --- [    Test worker] c.l.f.s.web.IndexControllerTest          : No active profile set, falling back to default profiles: default
2021-02-19 13:42:45.578  INFO 1476 --- [    Test worker] .s.d.r.c.RepositoryConfigurationDelegate : Bootstrapping Spring Data JPA repositories in DEFAULT mode.
2021-02-19 13:42:45.597  INFO 1476 --- [    Test worker] .s.d.r.c.RepositoryConfigurationDelegate : Finished Spring Data repository scanning in 18 ms. Found 2 JPA repository interfaces.
2021-02-19 13:42:45.887  INFO 1476 --- [    Test worker] o.s.b.w.embedded.tomcat.TomcatWebServer  : Tomcat initialized with port(s): 0 (http)
2021-02-19 13:42:45.900  INFO 1476 --- [    Test worker] o.apache.catalina.core.StandardService   : Starting service [Tomcat]
2021-02-19 13:42:45.900  INFO 1476 --- [    Test worker] org.apache.catalina.core.StandardEngine  : Starting Servlet engine: [Apache Tomcat/9.0.41]
2021-02-19 13:42:46.032  INFO 1476 --- [    Test worker] o.a.c.c.C.[Tomcat].[localhost].[/]       : Initializing Spring embedded WebApplicationContext
2021-02-19 13:42:46.032  INFO 1476 --- [    Test worker] w.s.c.ServletWebServerApplicationContext : Root WebApplicationContext: initialization completed in 626 ms
2021-02-19 13:42:46.066  INFO 1476 --- [    Test worker] com.zaxxer.hikari.HikariDataSource       : HikariPool-2 - Starting...
2021-02-19 13:42:46.066  INFO 1476 --- [    Test worker] com.zaxxer.hikari.HikariDataSource       : HikariPool-2 - Start completed.
2021-02-19 13:42:46.067  INFO 1476 --- [    Test worker] o.s.b.a.h2.H2ConsoleAutoConfiguration    : H2 console available at '/h2-console'. Database available at 'jdbc:h2:mem:testdb'
2021-02-19 13:42:46.181  INFO 1476 --- [    Test worker] o.hibernate.jpa.internal.util.LogHelper  : HHH000204: Processing PersistenceUnitInfo [name: default]
2021-02-19 13:42:46.187  INFO 1476 --- [    Test worker] org.hibernate.dialect.Dialect            : HHH000400: Using dialect: org.hibernate.dialect.MySQL57Dialect
Hibernate: drop table if exists posts
Hibernate: drop table if exists user
Hibernate: create table posts (id bigint not null auto_increment, created_date datetime(6), modified_date datetime(6), author varchar(255), content TEXT not null, title varchar(500) not null, primary key (id)) engine=InnoDB
Hibernate: create table user (id bigint not null auto_increment, created_date datetime(6), modified_date datetime(6), email varchar(255) not null, name varchar(255) not null, picture varchar(255), role varchar(255) not null, primary key (id)) engine=InnoDB
2021-02-19 13:42:46.236  INFO 1476 --- [    Test worker] o.h.e.t.j.p.i.JtaPlatformInitiator       : HHH000490: Using JtaPlatform implementation: [org.hibernate.engine.transaction.jta.platform.internal.NoJtaPlatform]
2021-02-19 13:42:46.236  INFO 1476 --- [    Test worker] j.LocalContainerEntityManagerFactoryBean : Initialized JPA EntityManagerFactory for persistence unit 'default'
2021-02-19 13:42:46.461  WARN 1476 --- [    Test worker] JpaBaseConfiguration$JpaWebConfiguration : spring.jpa.open-in-view is enabled by default. Therefore, database queries may be performed during view rendering. Explicitly configure spring.jpa.open-in-view to disable this warning
2021-02-19 13:42:46.637  INFO 1476 --- [    Test worker] o.s.s.web.DefaultSecurityFilterChain     : Will secure any request with [org.springframework.security.web.context.request.async.WebAsyncManagerIntegrationFilter@2a902841, org.springframework.security.web.context.SecurityContextPersistenceFilter@30eeade9, org.springframework.security.web.header.HeaderWriterFilter@210ca34c, org.springframework.security.web.authentication.logout.LogoutFilter@657dd177, org.springframework.security.oauth2.client.web.OAuth2AuthorizationRequestRedirectFilter@278f27cc, org.springframework.security.oauth2.client.web.OAuth2LoginAuthenticationFilter@205c20ae, org.springframework.security.web.authentication.ui.DefaultLoginPageGeneratingFilter@19f9e36b, org.springframework.security.web.authentication.ui.DefaultLogoutPageGeneratingFilter@2a69cf25, org.springframework.security.web.savedrequest.RequestCacheAwareFilter@13054f8f, org.springframework.security.web.servletapi.SecurityContextHolderAwareRequestFilter@57578860, org.springframework.security.web.authentication.AnonymousAuthenticationFilter@74863ce3, org.springframework.security.web.session.SessionManagementFilter@166b1170, org.springframework.security.web.access.ExceptionTranslationFilter@73ea0447, org.springframework.security.web.access.intercept.FilterSecurityInterceptor@236463bd]
2021-02-19 13:42:46.744  INFO 1476 --- [    Test worker] o.s.s.concurrent.ThreadPoolTaskExecutor  : Initializing ExecutorService 'applicationTaskExecutor'
2021-02-19 13:42:46.773  INFO 1476 --- [    Test worker] o.s.b.a.w.s.WelcomePageHandlerMapping    : Adding welcome page template: index
2021-02-19 13:42:46.976  INFO 1476 --- [    Test worker] o.s.b.w.embedded.tomcat.TomcatWebServer  : Tomcat started on port(s): 9009 (http) with context path ''
2021-02-19 13:42:46.979  INFO 1476 --- [    Test worker] s.a.ScheduledAnnotationBeanPostProcessor : No TaskScheduler/ScheduledExecutorService bean found for scheduled processing
2021-02-19 13:42:46.980  INFO 1476 --- [    Test worker] c.l.f.s.web.IndexControllerTest          : Started IndexControllerTest in 1.6 seconds (JVM running for 9.448)
2021-02-19 13:42:47.077  INFO 1476 --- [o-auto-1-exec-1] o.a.c.c.C.[Tomcat].[localhost].[/]       : Initializing Spring DispatcherServlet 'dispatcherServlet'
2021-02-19 13:42:47.077  INFO 1476 --- [o-auto-1-exec-1] o.s.web.servlet.DispatcherServlet        : Initializing Servlet 'dispatcherServlet'
2021-02-19 13:42:47.077  INFO 1476 --- [o-auto-1-exec-1] o.s.web.servlet.DispatcherServlet        : Completed initialization in 0 ms
Hibernate: select posts0_.id as id1_0_, posts0_.created_date as created_2_0_, posts0_.modified_date as modified3_0_, posts0_.author as author4_0_, posts0_.content as content5_0_, posts0_.title as title6_0_ from posts posts0_ order by posts0_.id DESC
]]></system-out>
  <system-err><![CDATA[]]></system-err>
</testsuite>
